<?xml version="1.0" encoding="UTF-8"?>
<testng-results ignored="0" total="1" passed="1" failed="0" skipped="0">
  <reporter-output>
  </reporter-output>
  <suite started-at="2024-01-10T23:10:07 BDT" name="Default suite" finished-at="2024-01-10T23:10:07 BDT" duration-ms="53">
    <groups>
    </groups>
    <test started-at="2024-01-10T23:10:07 BDT" name="Default test" finished-at="2024-01-10T23:10:07 BDT" duration-ms="53">
      <class name="TestClass">
        <test-method signature="rain()[pri:0, instance:TestClass@795cd85e]" started-at="2024-01-10T23:10:07 BDT" name="rain" finished-at="2024-01-10T23:10:07 BDT" duration-ms="13" status="PASS">
          <reporter-output>
          </reporter-output>
        </test-method> <!-- rain -->
      </class> <!-- TestClass -->
    </test> <!-- Default test -->
  </suite> <!-- Default suite -->
</testng-results>
